Forma Interna a Programului - Lista de reprezentare a tuplurilor
DIM ---> (-1, -1)
'id' ---> (0, 0)
AS ---> (-1, -1)
DOUBLE ---> (-1, -1)
'const' ---> (0, 0)
'const' ---> (0, 0)
INPUT ---> (-1, -1)
, ---> (-1, -1)
'id' ---> (0, 0)
CONST ---> (-1, -1)
'id' ---> (7, 0)
AS ---> (-1, -1)
DOUBLE ---> (-1, -1)
= ---> (-1, -1)
'const' ---> (5, 0)
DIM ---> (-1, -1)
'id' ---> (3, 0)
AS ---> (-1, -1)
DOUBLE ---> (-1, -1)
= ---> (-1, -1)
'id' ---> (7, 0)
* ---> (-1, -1)
'id' ---> (0, 0)
^ ---> (-1, -1)
'const' ---> (0, 1)
DIM ---> (-1, -1)
'id' ---> (9, 0)
AS ---> (-1, -1)
DOUBLE ---> (-1, -1)
= ---> (-1, -1)
'const' ---> (0, 1)
* ---> (-1, -1)
'id' ---> (7, 0)
* ---> (-1, -1)
'id' ---> (0, 0)
'const' ---> (7, 0)
'const' ---> (4, 0)
'const' ---> (7, 0)
'const' ---> (4, 0)
PRINT ---> (-1, -1)
; ---> (-1, -1)
'id' ---> (0, 0)
; ---> (-1, -1)
; ---> (-1, -1)
'id' ---> (3, 0)
'const' ---> (1, 0)
'const' ---> (4, 0)
'const' ---> (1, 0)
'const' ---> (4, 0)
PRINT ---> (-1, -1)
; ---> (-1, -1)
'id' ---> (0, 0)
; ---> (-1, -1)
; ---> (-1, -1)
'id' ---> (9, 0)
