     1                                  bits 32 
     2                                  global  start 
     3                                  
     4                                  extern  exit
     5                                  import  exit msvcrt.dll
     6                                  
     7                                  segment  data use32 class=data
     8 00000000 00F8C2FFFFFFFFFF            A dq 0FFFFFFFFFFC2F800h
     9 00000008 <res 00000001>              N resb 1
    10 00000009 <res 00000004>              B resd 1
    11 0000000D <res 00000001>              C resb 1
    12                                  segment  code use32 class=code
    13                                  start:
    14 00000000 A1[00000000]            	mov eax, dword [A+0]
    15 00000005 8B15[04000000]          	mov edx, dword [A+4] ; EDX:EAX = A
    16 0000000B B938000000              	mov ecx, 38h
    17 00000010 21CA                    	and edx, ecx
    18 00000012 C1EA03                  	shr edx, 3h
    19 00000015 8815[08000000]          	mov [N], dl
    20                                      
    21 0000001B 8A0D[08000000]              mov cl, [N]
    22 00000021 D3C8                    	ror eax, cl
    23 00000023 A3[09000000]            	mov [B], eax
    24                                  
    25 00000028 8B15[09000000]          	mov edx, [B]
    26 0000002E B9000F0000              	mov ecx, 0F00h
    27 00000033 21CA                    	and edx, ecx
    28 00000035 C1CA08                  	ror edx, 8h
    29 00000038 89D0                    	mov eax, edx
    30                                  
    31 0000003A 8B15[09000000]          	mov edx, [B]
    32 00000040 B900000F00              	mov ecx, 0F0000h
    33 00000045 21CA                    	and edx, ecx
    34 00000047 C1CA0C                  	ror edx, 0Ch
    35 0000004A 01D0                    	add eax, edx
    36                                  
    37 0000004C A3[0D000000]            	mov [C], eax
    38                                  	
    39 00000051 6A00                    	push   dword 0
    40 00000053 FF15[00000000]          	call   [exit]
