Forma Interna a Programului - Lista de reprezentare a tuplurilor
'const' ---> (6, 0)
'const' ---> (6, 0)
INPUT ---> (-1, -1)
, ---> (-1, -1)
'id' ---> (8, 0)
'const' ---> (0, 0)
'const' ---> (0, 0)
INPUT ---> (-1, -1)
, ---> (-1, -1)
'id' ---> (9, 0)
DIM ---> (-1, -1)
'id' ---> (5, 0)
AS ---> (-1, -1)
INTEGER ---> (-1, -1)
= ---> (-1, -1)
'id' ---> (8, 0)
: ---> (-1, -1)
DIM ---> (-1, -1)
'id' ---> (6, 0)
AS ---> (-1, -1)
INTEGER ---> (-1, -1)
= ---> (-1, -1)
'id' ---> (9, 0)
IF ---> (-1, -1)
'id' ---> (5, 0)
< ---> (-1, -1)
'id' ---> (6, 0)
THEN ---> (-1, -1)
SWAP ---> (-1, -1)
'id' ---> (5, 0)
, ---> (-1, -1)
'id' ---> (6, 0)
END IF ---> (-1, -1)
DIM ---> (-1, -1)
'id' ---> (0, 0)
AS ---> (-1, -1)
INTEGER ---> (-1, -1)
'id' ---> (8, 1)
: ---> (-1, -1)
IF ---> (-1, -1)
'id' ---> (6, 0)
<> ---> (-1, -1)
'const' ---> (8, 0)
THEN ---> (-1, -1)
'id' ---> (0, 0)
= ---> (-1, -1)
'id' ---> (6, 0)
'id' ---> (6, 0)
= ---> (-1, -1)
'id' ---> (5, 0)
MOD ---> (-1, -1)
'id' ---> (6, 0)
'id' ---> (5, 0)
= ---> (-1, -1)
'id' ---> (0, 0)
GOTO ---> (-1, -1)
'id' ---> (8, 1)
END IF ---> (-1, -1)
'const' ---> (6, 1)
'const' ---> (2, 0)
'const' ---> (4, 0)
'const' ---> (6, 1)
'const' ---> (2, 0)
'const' ---> (4, 0)
PRINT ---> (-1, -1)
; ---> (-1, -1)
'id' ---> (8, 0)
; ---> (-1, -1)
; ---> (-1, -1)
'id' ---> (9, 0)
; ---> (-1, -1)
; ---> (-1, -1)
'id' ---> (5, 0)
